20:34:53.746 [main                     ] DEBUG GameApplication      - Logger initialized
20:34:53.763 [main                     ] DEBUG GameApplication      - Logging settings
Title: Basic Game App
Version: 0.1
Width: 600
Height: 600
Fullscreen: false
Intro: false
Menus: false
Profiling: false
Single step:false
App Mode: DEVELOPER
Menu Key: ESCAPE
Stage Style: DECORATED
Scene Factory: class com.almasb.fxgl.app.scene.SceneFactory

20:34:54.178 [JavaFX Application Thread] DEBUG GameApplication      - Initializing FXGL
20:34:54.197 [JavaFX Application Thread] INFO  Engine               - FXGL-11.8 (08.03.2020 09.09) on WINDOWS (J:13.0.2 FX:13)
20:34:54.197 [JavaFX Application Thread] INFO  Engine               - Source code and latest versions at: https://github.com/AlmasB/FXGL
20:34:54.197 [JavaFX Application Thread] INFO  Engine               -              Join the FXGL chat at: https://gitter.im/AlmasB/FXGL
20:34:54.327 [JavaFX Application Thread] DEBUG MainWindow           - Creating a JavaFX scene
20:34:54.376 [JavaFX Application Thread] DEBUG MainWindow           - Target settings size: 600.0 x 600.0
20:34:54.377 [JavaFX Application Thread] DEBUG MainWindow           - Scaled scene size:    600.0 x 600.0
20:34:54.377 [JavaFX Application Thread] DEBUG MainWindow           - Scaled ratio: (1.0, 1.0)
20:34:54.378 [JavaFX Application Thread] DEBUG MainWindow           - Set initial scene to FXGLStartupScene
20:34:54.387 [JavaFX Application Thread] DEBUG MainWindow           - Opening main window
20:34:54.496 [JavaFX Application Thread] DEBUG MainWindow           - Window border size: (14.66668701171875, 37.33331298828125)
20:34:54.497 [JavaFX Application Thread] DEBUG MainWindow           - Scaled size: 600.0 x 600.0
20:34:54.498 [JavaFX Application Thread] DEBUG MainWindow           - Scaled ratio: (1.0, 1.0)
20:34:54.498 [JavaFX Application Thread] DEBUG MainWindow           - Scene size: 600.0 x 600.0
20:34:54.499 [JavaFX Application Thread] DEBUG MainWindow           - Stage size: 614.6666870117188 x 637.3333129882812
20:34:54.513 [FXGL Background Thread 1 ] DEBUG Engine               - Initializing environment variables
20:34:54.583 [FXGL Background Thread 1 ] DEBUG WindowService        - Applying CSS: fxgl_dark.css
20:34:54.584 [FXGL Background Thread 1 ] DEBUG AssetLoaderService   - Loading from file system: /assets/ui/css/fxgl_dark.css
20:34:54.645 [FXGL Background Thread 1 ] DEBUG WindowService        - Initializing application scenes
20:34:54.693 [FXGL Background Thread 1 ] DEBUG GameWorld            - Game world initialized
20:34:54.801 [FXGL Background Thread 1 ] DEBUG PhysicsWorld         - Physics world initialized: appHeight=600, physics.ppm=50.0
20:34:54.805 [FXGL Background Thread 1 ] DEBUG GameScene            - Game scene initialized: 600x600
20:34:54.820 [FXGL Background Thread 1 ] DEBUG Input                - Registered new binding: Resume - Esc
20:34:54.826 [FXGL Background Thread 1 ] DEBUG AssetLoaderService   - Loading from file system: /assets/textures/pause_menu_bg.png
20:34:54.914 [FXGL Background Thread 1 ] DEBUG Input                - Registered new binding: Pause - Esc
20:34:54.914 [FXGL Background Thread 1 ] DEBUG WindowService        - Application scenes initialized
20:34:54.937 [FXGL Background Thread 1 ] DEBUG SystemBundleService  - Loading default FXGL system data
20:34:54.938 [FXGL Background Thread 1 ] INFO  Engine               - FXGL initialization took: 0.421 sec
20:34:54.940 [FXGL Background Thread 1 ] DEBUG GameApplication      - Loading localizations
20:34:54.941 [FXGL Background Thread 1 ] DEBUG AssetLoaderService   - Loading from file system: /assets/properties/languages/english.properties
20:34:54.943 [FXGL Background Thread 1 ] DEBUG AssetLoaderService   - Loading from file system: /assets/properties/languages/french.properties
20:34:54.945 [FXGL Background Thread 1 ] DEBUG AssetLoaderService   - Loading from file system: /assets/properties/languages/german.properties
20:34:54.947 [FXGL Background Thread 1 ] DEBUG AssetLoaderService   - Loading from file system: /assets/properties/languages/hungarian.properties
20:34:54.950 [FXGL Background Thread 1 ] DEBUG AssetLoaderService   - Loading from file system: /assets/properties/languages/russian.properties
20:34:54.953 [FXGL Background Thread 1 ] DEBUG GameApplication      - Registering font factories with UI factory
20:34:54.953 [FXGL Background Thread 1 ] DEBUG AssetLoaderService   - Loading from file system: /assets/ui/fonts/VarelaRound-Regular.ttf
20:34:55.166 [FXGL Background Thread 1 ] DEBUG AssetLoaderService   - Loading from file system: /assets/ui/fonts/Abel-Regular.ttf
20:34:55.172 [FXGL Background Thread 1 ] DEBUG AssetLoaderService   - Loading from file system: /assets/ui/fonts/lucida_console.ttf
20:34:55.178 [FXGL Background Thread 1 ] DEBUG AssetLoaderService   - Loading from file system: /assets/ui/fonts/Courier-Prime.ttf
20:34:55.186 [JavaFX Application Thread] DEBUG Input                - Registered new binding: Move Right - D
20:34:55.186 [JavaFX Application Thread] DEBUG Input                - Registered new binding: Move Left - A
20:34:55.186 [JavaFX Application Thread] DEBUG Input                - Registered new binding: Move Up - W
20:34:55.187 [JavaFX Application Thread] DEBUG Input                - Registered new binding: Move Down - S
20:34:55.187 [JavaFX Application Thread] DEBUG Input                - Registered new binding: Play Sound - F
20:34:55.187 [JavaFX Application Thread] DEBUG AssetLoaderService   - Loading from file system: /assets/textures/fxgl_icon.png
20:34:55.210 [JavaFX Application Thread] DEBUG AssetLoaderService   - Loading from file system: /assets/ui/cursors/fxgl_default.png
20:34:55.214 [JavaFX Application Thread] DEBUG Input                - Registered new binding: Screenshot - P
20:34:55.215 [JavaFX Application Thread] DEBUG Input                - Registered new binding: System info dump - CTRL+9
20:34:55.215 [JavaFX Application Thread] DEBUG Input                - Registered new binding: Restart - CTRL+R
20:34:55.216 [JavaFX Application Thread] DEBUG LoopRunner           - Starting loop
20:34:55.242 [JavaFX Application Thread] DEBUG FXGLStartupScene     - STARTUP
20:34:55.243 [JavaFX Application Thread] DEBUG WindowService        - Starting new game
20:34:55.245 [JavaFX Application Thread] DEBUG Input                - Clearing active input actions
20:34:55.267 [JavaFX Application Thread] DEBUG WindowService        - Removing overlay from FXGLStartupScene and adding to FXGLLoadingScene
20:34:55.268 [JavaFX Application Thread] DEBUG MainWindow           - FXGLStartupScene -> FXGLLoadingScene
20:34:55.269 [JavaFX Application Thread] DEBUG WindowService        - Clearing previous game
20:34:55.269 [JavaFX Application Thread] DEBUG GameScene            - Clearing game scene
20:34:55.270 [JavaFX Application Thread] DEBUG GameWorld            - Clearing game world
20:34:55.270 [JavaFX Application Thread] DEBUG PhysicsWorld         - Clearing physics world
20:34:55.272 [FXGL Background Thread 1 ] DEBUG GameApplication      - Initializing game
20:34:55.275 [FXGL Background Thread 1 ] DEBUG AssetLoaderService   - Loading from file system: /assets/textures/brick.png
20:34:55.276 [FXGL Background Thread 1 ] WARN  AssetLoaderService   - Failed to load texture brick.png Error: java.lang.IllegalArgumentException: Asset "/assets/textures/brick.png" was not found!
20:34:55.405 [FXGL Background Thread 1 ] DEBUG AssetLoaderService   - Loading from file system: /assets/textures/brick.png
20:34:55.406 [FXGL Background Thread 1 ] WARN  AssetLoaderService   - Failed to load texture brick.png Error: java.lang.IllegalArgumentException: Asset "/assets/textures/brick.png" was not found!
20:34:55.408 [FXGL Background Thread 1 ] INFO  GameApplication      - Game initialization took: 0.135 sec
20:34:55.408 [JavaFX Application Thread] DEBUG Input                - Clearing active input actions
20:34:55.426 [JavaFX Application Thread] DEBUG WindowService        - Removing overlay from FXGLLoadingScene and adding to GameScene
20:34:55.427 [JavaFX Application Thread] DEBUG MainWindow           - FXGLLoadingScene -> GameScene
20:34:57.941 [FXGL Background Thread 2 ] DEBUG Engine               - Logging environment variables
20:34:57.941 [FXGL Background Thread 2 ] DEBUG Engine               - achievements: []
20:34:57.941 [FXGL Background Thread 2 ] DEBUG Engine               - language: ObjectProperty [value: ENGLISH]
20:34:57.942 [FXGL Background Thread 2 ] DEBUG Engine               - isCloseConfirmation: false
20:34:57.942 [FXGL Background Thread 2 ] DEBUG Engine               - isProfilingEnabled: false
20:34:57.942 [FXGL Background Thread 2 ] DEBUG Engine               - soundNotification: core/notification.wav
20:34:57.942 [FXGL Background Thread 2 ] DEBUG Engine               - devShowBBoxProperty: BooleanProperty [value: false]
20:34:57.942 [FXGL Background Thread 2 ] DEBUG Engine               - pixelsPerMeter: 50.0
20:34:57.942 [FXGL Background Thread 2 ] DEBUG Engine               - appIcon: fxgl_icon.png
20:34:57.942 [FXGL Background Thread 2 ] DEBUG Engine               - soundMenuBack: menu/back.wav
20:34:57.943 [FXGL Background Thread 2 ] DEBUG Engine               - isFullScreenAllowed: false
20:34:57.943 [FXGL Background Thread 2 ] DEBUG Engine               - isIntroEnabled: false
20:34:57.943 [FXGL Background Thread 2 ] DEBUG Engine               - fontMono: lucida_console.ttf
20:34:57.943 [FXGL Background Thread 2 ] DEBUG Engine               - soundMenuSelect: menu/select.wav
20:34:57.943 [FXGL Background Thread 2 ] DEBUG Engine               - isWindows: true
20:34:57.943 [FXGL Background Thread 2 ] DEBUG Engine               - isMobile: false
20:34:57.943 [FXGL Background Thread 2 ] DEBUG Engine               - isUserProfileEnabled: false
20:34:57.943 [FXGL Background Thread 2 ] DEBUG Engine               - height: 600
20:34:57.944 [FXGL Background Thread 2 ] DEBUG Engine               - isExperimentalNative: false
20:34:57.944 [FXGL Background Thread 2 ] DEBUG Engine               - settings: Title: Basic Game App
Version: 0.1
Width: 600
Height: 600
Fullscreen: false
Intro: false
Menus: false
Profiling: false
Single step:false
App Mode: DEVELOPER
Menu Key: ESCAPE
Stage Style: DECORATED
Scene Factory: class com.almasb.fxgl.app.scene.SceneFactory

20:34:57.944 [FXGL Background Thread 2 ] DEBUG Engine               - isSingleStep: false
20:34:57.944 [FXGL Background Thread 2 ] DEBUG Engine               - cSSList: [fxgl_dark.css]
20:34:57.944 [FXGL Background Thread 2 ] DEBUG Engine               - fontGame: Abel-Regular.ttf
20:34:57.944 [FXGL Background Thread 2 ] DEBUG Engine               - menuKey: ESCAPE
20:34:57.944 [FXGL Background Thread 2 ] DEBUG Engine               - devShowPositionProperty: BooleanProperty [value: false]
20:34:57.944 [FXGL Background Thread 2 ] DEBUG Engine               - versionCheckDays: 7
20:34:57.944 [FXGL Background Thread 2 ] DEBUG Engine               - configClass: Optional.empty
20:34:57.945 [FXGL Background Thread 2 ] DEBUG Engine               - isFullScreenFromStart: false
20:34:57.945 [FXGL Background Thread 2 ] DEBUG Engine               - version: 0.1
20:34:57.945 [FXGL Background Thread 2 ] DEBUG Engine               - fullScreen: BooleanProperty [value: false]
20:34:57.945 [FXGL Background Thread 2 ] DEBUG Engine               - randomSeed: -1
20:34:57.945 [FXGL Background Thread 2 ] DEBUG Engine               - gameDifficultyProperty: ObjectProperty [value: MEDIUM]
20:34:57.945 [FXGL Background Thread 2 ] DEBUG Engine               - applicationMode: DEVELOPER
20:34:57.945 [FXGL Background Thread 2 ] DEBUG Engine               - isMac: false
20:34:57.946 [FXGL Background Thread 2 ] DEBUG Engine               - isMenuEnabled: false
20:34:57.946 [FXGL Background Thread 2 ] DEBUG Engine               - urlPOM: https://raw.githubusercontent.com/AlmasB/FXGL/master/pom.xml
20:34:57.946 [FXGL Background Thread 2 ] DEBUG Engine               - profileName: StringProperty [value: DEFAULT]
20:34:57.946 [FXGL Background Thread 2 ] DEBUG Engine               - notificationViewClass: class com.almasb.fxgl.notification.view.XboxNotificationView
20:34:57.946 [FXGL Background Thread 2 ] DEBUG Engine               - devSensorColorProperty: ObjectProperty [value: 0xffff00ff]
20:34:57.946 [FXGL Background Thread 2 ] DEBUG Engine               - sceneFactory: com.almasb.fxgl.app.scene.SceneFactory@6609b85c
20:34:57.947 [FXGL Background Thread 2 ] DEBUG Engine               - stageStyle: DECORATED
20:34:57.947 [FXGL Background Thread 2 ] DEBUG Engine               - isManualResizeEnabled: false
20:34:57.947 [FXGL Background Thread 2 ] DEBUG Engine               - title: Basic Game App
20:34:57.947 [FXGL Background Thread 2 ] DEBUG Engine               - platform: WINDOWS
20:34:57.947 [FXGL Background Thread 2 ] DEBUG Engine               - devBBoxColorProperty: ObjectProperty [value: 0xff0000ff]
20:34:57.947 [FXGL Background Thread 2 ] DEBUG Engine               - gameDifficulty: MEDIUM
20:34:57.947 [FXGL Background Thread 2 ] DEBUG Engine               - isDesktop: true
20:34:57.947 [FXGL Background Thread 2 ] DEBUG Engine               - supportedLanguages: [ENGLISH, FRENCH, GERMAN, HUNGARIAN, RUSSIAN]
20:34:57.948 [FXGL Background Thread 2 ] DEBUG Engine               - credits: []
20:34:57.948 [FXGL Background Thread 2 ] DEBUG Engine               - globalMusicVolumeProperty: DoubleProperty [value: 0.5]
20:34:57.948 [FXGL Background Thread 2 ] DEBUG Engine               - isPreserveResizeRatio: false
20:34:57.948 [FXGL Background Thread 2 ] DEBUG Engine               - fontText: Courier-Prime.ttf
20:34:57.948 [FXGL Background Thread 2 ] DEBUG Engine               - isExperimentalTiledLargeMap: false
20:34:57.948 [FXGL Background Thread 2 ] DEBUG Engine               - secondsIn24h: 60
20:34:57.948 [FXGL Background Thread 2 ] DEBUG Engine               - runtimeInfo: RuntimeInfo(platform=WINDOWS, version=11.8, build=08.03.2020 09.09)
20:34:57.948 [FXGL Background Thread 2 ] DEBUG Engine               - isLinux: false
20:34:57.948 [FXGL Background Thread 2 ] DEBUG Engine               - soundMenuPress: menu/press.wav
20:34:57.948 [FXGL Background Thread 2 ] DEBUG Engine               - urlGithub: https://github.com/AlmasB/FXGL
20:34:57.948 [FXGL Background Thread 2 ] DEBUG Engine               - profileDir: profiles/
20:34:57.948 [FXGL Background Thread 2 ] DEBUG Engine               - isDeveloperMenuEnabled: false
20:34:57.948 [FXGL Background Thread 2 ] DEBUG Engine               - globalSoundVolumeProperty: DoubleProperty [value: 0.5]
20:34:57.949 [FXGL Background Thread 2 ] DEBUG Engine               - mainWindow: com.almasb.fxgl.app.MainWindow@62363045
20:34:57.949 [FXGL Background Thread 2 ] DEBUG Engine               - isBrowser: false
20:34:57.949 [FXGL Background Thread 2 ] DEBUG Engine               - globalSoundVolume: 0.5
20:34:57.949 [FXGL Background Thread 2 ] DEBUG Engine               - urlLeaderboard: http://fxgl-top.herokuapp.com/
20:34:57.949 [FXGL Background Thread 2 ] DEBUG Engine               - engineServices: [class com.almasb.fxgl.app.GameApplication$GameApplicationService, class com.almasb.fxgl.app.services.WindowService, class com.almasb.fxgl.app.services.FXGLDialogService, class com.almasb.fxgl.app.services.IOTaskExecutorService, class com.almasb.fxgl.event.EventBusService, class com.almasb.fxgl.io.FileSystemService, class com.almasb.fxgl.localization.LocalizationService, class com.almasb.fxgl.app.services.AssetLoaderService, class com.almasb.fxgl.app.services.SystemBundleService, class com.almasb.fxgl.profile.SaveLoadService, class com.almasb.fxgl.ui.FXGLUIFactoryServiceProvider, class com.almasb.fxgl.ui.FXGLDialogFactoryServiceProvider, class com.almasb.fxgl.audio.AudioPlayer, class com.almasb.fxgl.notification.impl.NotificationServiceProvider, class com.almasb.fxgl.achievement.AchievementService, class com.almasb.fxgl.cutscene.CutsceneService, class com.almasb.fxgl.minigames.MiniGameService, class com.almasb.fxgl.net.NetService, class com.almasb.fxgl.app.services.UpdaterService]
20:34:57.949 [FXGL Background Thread 2 ] DEBUG Engine               - globalMusicVolume: 0.5
20:34:57.949 [FXGL Background Thread 2 ] DEBUG Engine               - width: 600
20:34:57.949 [FXGL Background Thread 2 ] DEBUG Engine               - saveFileExt: sav
20:34:57.949 [FXGL Background Thread 2 ] DEBUG Engine               - isAndroid: false
20:34:57.950 [FXGL Background Thread 2 ] DEBUG Engine               - fontUI: VarelaRound-Regular.ttf
20:34:57.950 [FXGL Background Thread 2 ] DEBUG Engine               - enabledMenuItems: []
20:34:57.950 [FXGL Background Thread 2 ] DEBUG Engine               - isIOS: false
20:34:57.951 [FXGL Background Thread 2 ] DEBUG Engine               - Logging services
20:34:57.951 [FXGL Background Thread 2 ] DEBUG Engine               - class com.almasb.fxgl.app.GameApplication$GameApplicationService
20:34:57.951 [FXGL Background Thread 2 ] DEBUG Engine               - class com.almasb.fxgl.app.services.WindowService
20:34:57.951 [FXGL Background Thread 2 ] DEBUG Engine               - class com.almasb.fxgl.app.services.FXGLDialogService
20:34:57.951 [FXGL Background Thread 2 ] DEBUG Engine               - class com.almasb.fxgl.app.services.IOTaskExecutorService
20:34:57.951 [FXGL Background Thread 2 ] DEBUG Engine               - class com.almasb.fxgl.event.EventBusService
20:34:57.952 [FXGL Background Thread 2 ] DEBUG Engine               - class com.almasb.fxgl.io.FileSystemService
20:34:57.952 [FXGL Background Thread 2 ] DEBUG Engine               - class com.almasb.fxgl.localization.LocalizationService
20:34:57.952 [FXGL Background Thread 2 ] DEBUG Engine               - class com.almasb.fxgl.app.services.AssetLoaderService
20:34:57.952 [FXGL Background Thread 2 ] DEBUG Engine               - class com.almasb.fxgl.app.services.SystemBundleService
20:34:57.952 [FXGL Background Thread 2 ] DEBUG Engine               - class com.almasb.fxgl.profile.SaveLoadService
20:34:57.952 [FXGL Background Thread 2 ] DEBUG Engine               - class com.almasb.fxgl.ui.FXGLUIFactoryServiceProvider
20:34:57.952 [FXGL Background Thread 2 ] DEBUG Engine               - class com.almasb.fxgl.ui.FXGLDialogFactoryServiceProvider
20:34:57.952 [FXGL Background Thread 2 ] DEBUG Engine               - class com.almasb.fxgl.audio.AudioPlayer
20:34:57.952 [FXGL Background Thread 2 ] DEBUG Engine               - class com.almasb.fxgl.notification.impl.NotificationServiceProvider
20:34:57.952 [FXGL Background Thread 2 ] DEBUG Engine               - class com.almasb.fxgl.achievement.AchievementService
20:34:57.952 [FXGL Background Thread 2 ] DEBUG Engine               - class com.almasb.fxgl.cutscene.CutsceneService
20:34:57.953 [FXGL Background Thread 2 ] DEBUG Engine               - class com.almasb.fxgl.minigames.MiniGameService
20:34:57.953 [FXGL Background Thread 2 ] DEBUG Engine               - class com.almasb.fxgl.net.NetService
20:34:57.953 [FXGL Background Thread 2 ] DEBUG Engine               - class com.almasb.fxgl.app.services.UpdaterService
20:35:02.124 [JavaFX Application Thread] DEBUG GameApplication      - Exiting FXGL
20:35:02.124 [JavaFX Application Thread] DEBUG LoopRunner           - Stopping loop
20:35:02.124 [JavaFX Application Thread] DEBUG SystemBundleService  - Saving FXGL system data
20:35:02.127 [JavaFX Application Thread] DEBUG FileSystemAccess     - Writing to: C:\Users\layne\Documents\NetBeansProjects\tank\system\fxgl.bundle
20:35:02.135 [JavaFX Application Thread] DEBUG GameApplication      - Shutting down background threads
20:35:02.135 [JavaFX Application Thread] DEBUG GameApplication      - Closing logger and exiting JavaFX
