20:35:07.512 [main                     ] DEBUG GameApplication      - Logger initialized
20:35:07.530 [main                     ] DEBUG GameApplication      - Logging settings
Title: Basic Game App
Version: 0.1
Width: 600
Height: 600
Fullscreen: false
Intro: false
Menus: false
Profiling: false
Single step:false
App Mode: DEVELOPER
Menu Key: ESCAPE
Stage Style: DECORATED
Scene Factory: class com.almasb.fxgl.app.scene.SceneFactory

20:35:07.974 [JavaFX Application Thread] DEBUG GameApplication      - Initializing FXGL
20:35:07.989 [JavaFX Application Thread] INFO  Engine               - FXGL-11.8 (08.03.2020 09.09) on WINDOWS (J:13.0.2 FX:13)
20:35:07.990 [JavaFX Application Thread] INFO  Engine               - Source code and latest versions at: https://github.com/AlmasB/FXGL
20:35:07.990 [JavaFX Application Thread] INFO  Engine               -              Join the FXGL chat at: https://gitter.im/AlmasB/FXGL
20:35:08.162 [JavaFX Application Thread] DEBUG MainWindow           - Creating a JavaFX scene
20:35:08.232 [JavaFX Application Thread] DEBUG MainWindow           - Target settings size: 600.0 x 600.0
20:35:08.233 [JavaFX Application Thread] DEBUG MainWindow           - Scaled scene size:    600.0 x 600.0
20:35:08.234 [JavaFX Application Thread] DEBUG MainWindow           - Scaled ratio: (1.0, 1.0)
20:35:08.236 [JavaFX Application Thread] DEBUG MainWindow           - Set initial scene to FXGLStartupScene
20:35:08.244 [JavaFX Application Thread] DEBUG MainWindow           - Opening main window
20:35:08.361 [JavaFX Application Thread] DEBUG MainWindow           - Window border size: (14.66668701171875, 37.33331298828125)
20:35:08.361 [JavaFX Application Thread] DEBUG MainWindow           - Scaled size: 600.0 x 600.0
20:35:08.362 [JavaFX Application Thread] DEBUG MainWindow           - Scaled ratio: (1.0, 1.0)
20:35:08.362 [JavaFX Application Thread] DEBUG MainWindow           - Scene size: 600.0 x 600.0
20:35:08.362 [JavaFX Application Thread] DEBUG MainWindow           - Stage size: 614.6666870117188 x 637.3333129882812
20:35:08.377 [FXGL Background Thread 1 ] DEBUG Engine               - Initializing environment variables
20:35:08.432 [FXGL Background Thread 1 ] DEBUG WindowService        - Applying CSS: fxgl_dark.css
20:35:08.433 [FXGL Background Thread 1 ] DEBUG AssetLoaderService   - Loading from file system: /assets/ui/css/fxgl_dark.css
20:35:08.494 [FXGL Background Thread 1 ] DEBUG WindowService        - Initializing application scenes
20:35:08.563 [FXGL Background Thread 1 ] DEBUG GameWorld            - Game world initialized
20:35:08.644 [FXGL Background Thread 1 ] DEBUG PhysicsWorld         - Physics world initialized: appHeight=600, physics.ppm=50.0
20:35:08.646 [FXGL Background Thread 1 ] DEBUG GameScene            - Game scene initialized: 600x600
20:35:08.658 [FXGL Background Thread 1 ] DEBUG Input                - Registered new binding: Resume - Esc
20:35:08.665 [FXGL Background Thread 1 ] DEBUG AssetLoaderService   - Loading from file system: /assets/textures/pause_menu_bg.png
20:35:08.728 [FXGL Background Thread 1 ] DEBUG Input                - Registered new binding: Pause - Esc
20:35:08.729 [FXGL Background Thread 1 ] DEBUG WindowService        - Application scenes initialized
20:35:08.742 [FXGL Background Thread 1 ] DEBUG SystemBundleService  - Loading FXGL system data
20:35:08.746 [FXGL Background Thread 1 ] DEBUG FileSystemAccess     - Reading from: C:\Users\layne\Documents\NetBeansProjects\tank\system\fxgl.bundle
20:35:08.755 [FXGL Background Thread 1 ] DEBUG SystemBundleService  - Bundle FXGL: {}
20:35:08.756 [FXGL Background Thread 1 ] INFO  Engine               - FXGL initialization took: 0.373 sec
20:35:08.758 [FXGL Background Thread 1 ] DEBUG GameApplication      - Loading localizations
20:35:08.759 [FXGL Background Thread 1 ] DEBUG AssetLoaderService   - Loading from file system: /assets/properties/languages/english.properties
20:35:08.760 [FXGL Background Thread 1 ] DEBUG AssetLoaderService   - Loading from file system: /assets/properties/languages/french.properties
20:35:08.762 [FXGL Background Thread 1 ] DEBUG AssetLoaderService   - Loading from file system: /assets/properties/languages/german.properties
20:35:08.763 [FXGL Background Thread 1 ] DEBUG AssetLoaderService   - Loading from file system: /assets/properties/languages/hungarian.properties
20:35:08.766 [FXGL Background Thread 1 ] DEBUG AssetLoaderService   - Loading from file system: /assets/properties/languages/russian.properties
20:35:08.769 [FXGL Background Thread 1 ] DEBUG GameApplication      - Registering font factories with UI factory
20:35:08.770 [FXGL Background Thread 1 ] DEBUG AssetLoaderService   - Loading from file system: /assets/ui/fonts/VarelaRound-Regular.ttf
20:35:08.971 [FXGL Background Thread 1 ] DEBUG AssetLoaderService   - Loading from file system: /assets/ui/fonts/Abel-Regular.ttf
20:35:08.975 [FXGL Background Thread 1 ] DEBUG AssetLoaderService   - Loading from file system: /assets/ui/fonts/lucida_console.ttf
20:35:08.981 [FXGL Background Thread 1 ] DEBUG AssetLoaderService   - Loading from file system: /assets/ui/fonts/Courier-Prime.ttf
20:35:08.989 [JavaFX Application Thread] DEBUG Input                - Registered new binding: Move Right - D
20:35:08.990 [JavaFX Application Thread] DEBUG Input                - Registered new binding: Move Left - A
20:35:08.990 [JavaFX Application Thread] DEBUG Input                - Registered new binding: Move Up - W
20:35:08.990 [JavaFX Application Thread] DEBUG Input                - Registered new binding: Move Down - S
20:35:08.991 [JavaFX Application Thread] DEBUG Input                - Registered new binding: Play Sound - F
20:35:08.991 [JavaFX Application Thread] DEBUG AssetLoaderService   - Loading from file system: /assets/textures/fxgl_icon.png
20:35:09.015 [JavaFX Application Thread] DEBUG AssetLoaderService   - Loading from file system: /assets/ui/cursors/fxgl_default.png
20:35:09.019 [JavaFX Application Thread] DEBUG Input                - Registered new binding: Screenshot - P
20:35:09.021 [JavaFX Application Thread] DEBUG Input                - Registered new binding: System info dump - CTRL+9
20:35:09.021 [JavaFX Application Thread] DEBUG Input                - Registered new binding: Restart - CTRL+R
20:35:09.022 [JavaFX Application Thread] DEBUG LoopRunner           - Starting loop
20:35:09.033 [JavaFX Application Thread] DEBUG FXGLStartupScene     - STARTUP
20:35:09.034 [JavaFX Application Thread] DEBUG WindowService        - Starting new game
20:35:09.036 [JavaFX Application Thread] DEBUG Input                - Clearing active input actions
20:35:09.050 [JavaFX Application Thread] DEBUG WindowService        - Removing overlay from FXGLStartupScene and adding to FXGLLoadingScene
20:35:09.051 [JavaFX Application Thread] DEBUG MainWindow           - FXGLStartupScene -> FXGLLoadingScene
20:35:09.051 [JavaFX Application Thread] DEBUG WindowService        - Clearing previous game
20:35:09.051 [JavaFX Application Thread] DEBUG GameScene            - Clearing game scene
20:35:09.051 [JavaFX Application Thread] DEBUG GameWorld            - Clearing game world
20:35:09.051 [JavaFX Application Thread] DEBUG PhysicsWorld         - Clearing physics world
20:35:09.053 [FXGL Background Thread 1 ] DEBUG GameApplication      - Initializing game
20:35:09.057 [FXGL Background Thread 1 ] DEBUG AssetLoaderService   - Loading from file system: /assets/textures/brick.png
20:35:09.058 [FXGL Background Thread 1 ] WARN  AssetLoaderService   - Failed to load texture brick.png Error: java.lang.IllegalArgumentException: Asset "/assets/textures/brick.png" was not found!
20:35:09.174 [FXGL Background Thread 1 ] DEBUG AssetLoaderService   - Loading from file system: /assets/textures/brick.png
20:35:09.175 [FXGL Background Thread 1 ] WARN  AssetLoaderService   - Failed to load texture brick.png Error: java.lang.IllegalArgumentException: Asset "/assets/textures/brick.png" was not found!
20:35:09.176 [FXGL Background Thread 1 ] INFO  GameApplication      - Game initialization took: 0.123 sec
20:35:09.177 [JavaFX Application Thread] DEBUG Input                - Clearing active input actions
20:35:09.192 [JavaFX Application Thread] DEBUG WindowService        - Removing overlay from FXGLLoadingScene and adding to GameScene
20:35:09.193 [JavaFX Application Thread] DEBUG MainWindow           - FXGLLoadingScene -> GameScene
20:35:11.758 [FXGL Background Thread 2 ] DEBUG Engine               - Logging environment variables
20:35:11.758 [FXGL Background Thread 2 ] DEBUG Engine               - achievements: []
20:35:11.758 [FXGL Background Thread 2 ] DEBUG Engine               - language: ObjectProperty [value: ENGLISH]
20:35:11.759 [FXGL Background Thread 2 ] DEBUG Engine               - isCloseConfirmation: false
20:35:11.759 [FXGL Background Thread 2 ] DEBUG Engine               - isProfilingEnabled: false
20:35:11.759 [FXGL Background Thread 2 ] DEBUG Engine               - soundNotification: core/notification.wav
20:35:11.760 [FXGL Background Thread 2 ] DEBUG Engine               - devShowBBoxProperty: BooleanProperty [value: false]
20:35:11.760 [FXGL Background Thread 2 ] DEBUG Engine               - pixelsPerMeter: 50.0
20:35:11.760 [FXGL Background Thread 2 ] DEBUG Engine               - appIcon: fxgl_icon.png
20:35:11.760 [FXGL Background Thread 2 ] DEBUG Engine               - soundMenuBack: menu/back.wav
20:35:11.761 [FXGL Background Thread 2 ] DEBUG Engine               - isFullScreenAllowed: false
20:35:11.761 [FXGL Background Thread 2 ] DEBUG Engine               - isIntroEnabled: false
20:35:11.761 [FXGL Background Thread 2 ] DEBUG Engine               - fontMono: lucida_console.ttf
20:35:11.761 [FXGL Background Thread 2 ] DEBUG Engine               - soundMenuSelect: menu/select.wav
20:35:11.762 [FXGL Background Thread 2 ] DEBUG Engine               - isWindows: true
20:35:11.762 [FXGL Background Thread 2 ] DEBUG Engine               - isMobile: false
20:35:11.762 [FXGL Background Thread 2 ] DEBUG Engine               - isUserProfileEnabled: false
20:35:11.763 [FXGL Background Thread 2 ] DEBUG Engine               - height: 600
20:35:11.763 [FXGL Background Thread 2 ] DEBUG Engine               - isExperimentalNative: false
20:35:11.763 [FXGL Background Thread 2 ] DEBUG Engine               - settings: Title: Basic Game App
Version: 0.1
Width: 600
Height: 600
Fullscreen: false
Intro: false
Menus: false
Profiling: false
Single step:false
App Mode: DEVELOPER
Menu Key: ESCAPE
Stage Style: DECORATED
Scene Factory: class com.almasb.fxgl.app.scene.SceneFactory

20:35:11.763 [FXGL Background Thread 2 ] DEBUG Engine               - cSSList: [fxgl_dark.css]
20:35:11.764 [FXGL Background Thread 2 ] DEBUG Engine               - isSingleStep: false
20:35:11.764 [FXGL Background Thread 2 ] DEBUG Engine               - fontGame: Abel-Regular.ttf
20:35:11.764 [FXGL Background Thread 2 ] DEBUG Engine               - menuKey: ESCAPE
20:35:11.764 [FXGL Background Thread 2 ] DEBUG Engine               - devShowPositionProperty: BooleanProperty [value: false]
20:35:11.765 [FXGL Background Thread 2 ] DEBUG Engine               - versionCheckDays: 7
20:35:11.765 [FXGL Background Thread 2 ] DEBUG Engine               - configClass: Optional.empty
20:35:11.765 [FXGL Background Thread 2 ] DEBUG Engine               - isFullScreenFromStart: false
20:35:11.765 [FXGL Background Thread 2 ] DEBUG Engine               - version: 0.1
20:35:11.766 [FXGL Background Thread 2 ] DEBUG Engine               - fullScreen: BooleanProperty [value: false]
20:35:11.766 [FXGL Background Thread 2 ] DEBUG Engine               - randomSeed: -1
20:35:11.766 [FXGL Background Thread 2 ] DEBUG Engine               - gameDifficultyProperty: ObjectProperty [value: MEDIUM]
20:35:11.767 [FXGL Background Thread 2 ] DEBUG Engine               - applicationMode: DEVELOPER
20:35:11.767 [FXGL Background Thread 2 ] DEBUG Engine               - isMac: false
20:35:11.767 [FXGL Background Thread 2 ] DEBUG Engine               - isMenuEnabled: false
20:35:11.767 [FXGL Background Thread 2 ] DEBUG Engine               - urlPOM: https://raw.githubusercontent.com/AlmasB/FXGL/master/pom.xml
20:35:11.768 [FXGL Background Thread 2 ] DEBUG Engine               - profileName: StringProperty [value: DEFAULT]
20:35:11.768 [FXGL Background Thread 2 ] DEBUG Engine               - notificationViewClass: class com.almasb.fxgl.notification.view.XboxNotificationView
20:35:11.769 [FXGL Background Thread 2 ] DEBUG Engine               - devSensorColorProperty: ObjectProperty [value: 0xffff00ff]
20:35:11.769 [FXGL Background Thread 2 ] DEBUG Engine               - sceneFactory: com.almasb.fxgl.app.scene.SceneFactory@69929848
20:35:11.769 [FXGL Background Thread 2 ] DEBUG Engine               - stageStyle: DECORATED
20:35:11.770 [FXGL Background Thread 2 ] DEBUG Engine               - isManualResizeEnabled: false
20:35:11.770 [FXGL Background Thread 2 ] DEBUG Engine               - title: Basic Game App
20:35:11.770 [FXGL Background Thread 2 ] DEBUG Engine               - platform: WINDOWS
20:35:11.770 [FXGL Background Thread 2 ] DEBUG Engine               - devBBoxColorProperty: ObjectProperty [value: 0xff0000ff]
20:35:11.771 [FXGL Background Thread 2 ] DEBUG Engine               - gameDifficulty: MEDIUM
20:35:11.771 [FXGL Background Thread 2 ] DEBUG Engine               - isDesktop: true
20:35:11.771 [FXGL Background Thread 2 ] DEBUG Engine               - supportedLanguages: [ENGLISH, FRENCH, GERMAN, HUNGARIAN, RUSSIAN]
20:35:11.771 [FXGL Background Thread 2 ] DEBUG Engine               - credits: []
20:35:11.772 [FXGL Background Thread 2 ] DEBUG Engine               - globalMusicVolumeProperty: DoubleProperty [value: 0.5]
20:35:11.772 [FXGL Background Thread 2 ] DEBUG Engine               - isPreserveResizeRatio: false
20:35:11.772 [FXGL Background Thread 2 ] DEBUG Engine               - fontText: Courier-Prime.ttf
20:35:11.772 [FXGL Background Thread 2 ] DEBUG Engine               - isExperimentalTiledLargeMap: false
20:35:11.772 [FXGL Background Thread 2 ] DEBUG Engine               - secondsIn24h: 60
20:35:11.773 [FXGL Background Thread 2 ] DEBUG Engine               - runtimeInfo: RuntimeInfo(platform=WINDOWS, version=11.8, build=08.03.2020 09.09)
20:35:11.773 [FXGL Background Thread 2 ] DEBUG Engine               - isLinux: false
20:35:11.773 [FXGL Background Thread 2 ] DEBUG Engine               - soundMenuPress: menu/press.wav
20:35:11.773 [FXGL Background Thread 2 ] DEBUG Engine               - urlGithub: https://github.com/AlmasB/FXGL
20:35:11.774 [FXGL Background Thread 2 ] DEBUG Engine               - profileDir: profiles/
20:35:11.774 [FXGL Background Thread 2 ] DEBUG Engine               - isDeveloperMenuEnabled: false
20:35:11.774 [FXGL Background Thread 2 ] DEBUG Engine               - globalSoundVolumeProperty: DoubleProperty [value: 0.5]
20:35:11.774 [FXGL Background Thread 2 ] DEBUG Engine               - mainWindow: com.almasb.fxgl.app.MainWindow@6dad01a2
20:35:11.774 [FXGL Background Thread 2 ] DEBUG Engine               - isBrowser: false
20:35:11.774 [FXGL Background Thread 2 ] DEBUG Engine               - urlLeaderboard: http://fxgl-top.herokuapp.com/
20:35:11.775 [FXGL Background Thread 2 ] DEBUG Engine               - globalSoundVolume: 0.5
20:35:11.775 [FXGL Background Thread 2 ] DEBUG Engine               - engineServices: [class com.almasb.fxgl.app.GameApplication$GameApplicationService, class com.almasb.fxgl.app.services.WindowService, class com.almasb.fxgl.app.services.FXGLDialogService, class com.almasb.fxgl.app.services.IOTaskExecutorService, class com.almasb.fxgl.event.EventBusService, class com.almasb.fxgl.io.FileSystemService, class com.almasb.fxgl.localization.LocalizationService, class com.almasb.fxgl.app.services.AssetLoaderService, class com.almasb.fxgl.app.services.SystemBundleService, class com.almasb.fxgl.profile.SaveLoadService, class com.almasb.fxgl.ui.FXGLUIFactoryServiceProvider, class com.almasb.fxgl.ui.FXGLDialogFactoryServiceProvider, class com.almasb.fxgl.audio.AudioPlayer, class com.almasb.fxgl.notification.impl.NotificationServiceProvider, class com.almasb.fxgl.achievement.AchievementService, class com.almasb.fxgl.cutscene.CutsceneService, class com.almasb.fxgl.minigames.MiniGameService, class com.almasb.fxgl.net.NetService, class com.almasb.fxgl.app.services.UpdaterService]
20:35:11.775 [FXGL Background Thread 2 ] DEBUG Engine               - globalMusicVolume: 0.5
20:35:11.775 [FXGL Background Thread 2 ] DEBUG Engine               - width: 600
20:35:11.775 [FXGL Background Thread 2 ] DEBUG Engine               - saveFileExt: sav
20:35:11.776 [FXGL Background Thread 2 ] DEBUG Engine               - isAndroid: false
20:35:11.776 [FXGL Background Thread 2 ] DEBUG Engine               - fontUI: VarelaRound-Regular.ttf
20:35:11.776 [FXGL Background Thread 2 ] DEBUG Engine               - enabledMenuItems: []
20:35:11.777 [FXGL Background Thread 2 ] DEBUG Engine               - isIOS: false
20:35:11.777 [FXGL Background Thread 2 ] DEBUG Engine               - Logging services
20:35:11.777 [FXGL Background Thread 2 ] DEBUG Engine               - class com.almasb.fxgl.app.GameApplication$GameApplicationService
20:35:11.777 [FXGL Background Thread 2 ] DEBUG Engine               - class com.almasb.fxgl.app.services.WindowService
20:35:11.778 [FXGL Background Thread 2 ] DEBUG Engine               - class com.almasb.fxgl.app.services.FXGLDialogService
20:35:11.778 [FXGL Background Thread 2 ] DEBUG Engine               - class com.almasb.fxgl.app.services.IOTaskExecutorService
20:35:11.778 [FXGL Background Thread 2 ] DEBUG Engine               - class com.almasb.fxgl.event.EventBusService
20:35:11.778 [FXGL Background Thread 2 ] DEBUG Engine               - class com.almasb.fxgl.io.FileSystemService
20:35:11.779 [FXGL Background Thread 2 ] DEBUG Engine               - class com.almasb.fxgl.localization.LocalizationService
20:35:11.779 [FXGL Background Thread 2 ] DEBUG Engine               - class com.almasb.fxgl.app.services.AssetLoaderService
20:35:11.779 [FXGL Background Thread 2 ] DEBUG Engine               - class com.almasb.fxgl.app.services.SystemBundleService
20:35:11.779 [FXGL Background Thread 2 ] DEBUG Engine               - class com.almasb.fxgl.profile.SaveLoadService
20:35:11.779 [FXGL Background Thread 2 ] DEBUG Engine               - class com.almasb.fxgl.ui.FXGLUIFactoryServiceProvider
20:35:11.780 [FXGL Background Thread 2 ] DEBUG Engine               - class com.almasb.fxgl.ui.FXGLDialogFactoryServiceProvider
20:35:11.780 [FXGL Background Thread 2 ] DEBUG Engine               - class com.almasb.fxgl.audio.AudioPlayer
20:35:11.780 [FXGL Background Thread 2 ] DEBUG Engine               - class com.almasb.fxgl.notification.impl.NotificationServiceProvider
20:35:11.780 [FXGL Background Thread 2 ] DEBUG Engine               - class com.almasb.fxgl.achievement.AchievementService
20:35:11.781 [FXGL Background Thread 2 ] DEBUG Engine               - class com.almasb.fxgl.cutscene.CutsceneService
20:35:11.781 [FXGL Background Thread 2 ] DEBUG Engine               - class com.almasb.fxgl.minigames.MiniGameService
20:35:11.781 [FXGL Background Thread 2 ] DEBUG Engine               - class com.almasb.fxgl.net.NetService
20:35:11.781 [FXGL Background Thread 2 ] DEBUG Engine               - class com.almasb.fxgl.app.services.UpdaterService
20:35:12.747 [JavaFX Application Thread] DEBUG GameApplication      - Exiting FXGL
20:35:12.748 [JavaFX Application Thread] DEBUG LoopRunner           - Stopping loop
20:35:12.748 [JavaFX Application Thread] DEBUG SystemBundleService  - Saving FXGL system data
20:35:12.751 [JavaFX Application Thread] DEBUG FileSystemAccess     - Writing to: C:\Users\layne\Documents\NetBeansProjects\tank\system\fxgl.bundle
20:35:12.752 [JavaFX Application Thread] DEBUG GameApplication      - Shutting down background threads
20:35:12.753 [JavaFX Application Thread] DEBUG GameApplication      - Closing logger and exiting JavaFX
